['{\n'
 '    "advertise_interval": 30,\n'
 '    "arp_neighbor_timeout": 30,\n'
 '    "cache_update_guard_time": 150,\n'
 '    "combinatorial_port_flood": false,\n'
 '    "cookie": 1524372928,\n'
 '    "description": "sw1",\n'
 '    "dot1x": {},\n'
 '    "dp_id": 1,\n'
 '    "drop_broadcast_source_address": true,\n'
 '    "drop_spoofed_faucet_mac": true,\n'
 '    "egress_pipeline": false,\n'
 '    "fast_advertise_interval": 5,\n'
 '    "faucet_dp_mac": "0e:00:00:00:00:01",\n'
 '    "global_vlan": 0,\n'
 '    "group_table": false,\n'
 '    "hardware": "Open vSwitch",\n'
 '    "high_priority": 9001,\n'
 '    "highest_priority": 9099,\n'
 '    "idle_dst": true,\n'
 '    "ignore_learn_ins": 10,\n'
 '    "interface_ranges": {},\n'
 '    "interfaces": {\n'
 '        "1": {\n'
 '            "name": "r_bar",\n'
 '            "native_vlan": 200,\n'
 '            "tagged_vlans": [\n'
 '                201,\n'
 '                600\n'
 '            ]\n'
 '        },\n'
 '        "10": {\n'
 '            "name": "pc2_bib1",\n'
 '            "native_vlan": 401\n'
 '        },\n'
 '        "11": {\n'
 '            "name": "pc1_bib1",\n'
 '            "native_vlan": 401\n'
 '        },\n'
 '        "12": {\n'
 '            "name": "r_biblio",\n'
 '            "native_vlan": 400,\n'
 '            "tagged_vlans": [\n'
 '                401,\n'
 '                402\n'
 '            ]\n'
 '        },\n'
 '        "13": {\n'
 '            "name": "pc1_bib2",\n'
 '            "native_vlan": 402\n'
 '        },\n'
 '        "14": {\n'
 '            "name": "s_bib2",\n'
 '            "native_vlan": 402\n'
 '        },\n'
 '        "15": {\n'
 '            "name": "se_pc1",\n'
 '            "native_vlan": 101\n'
 '        },\n'
 '        "16": {\n'
 '            "name": "se_pc2",\n'
 '            "native_vlan": 101\n'
 '        },\n'
 '        "17": {\n'
 '            "name": "se_pc3",\n'
 '            "native_vlan": 102\n'
 '        },\n'
 '        "18": {\n'
 '            "name": "s_ateneo",\n'
 '            "native_vlan": 102\n'
 '        },\n'
 '        "19": {\n'
 '            "name": "r_ateneo",\n'
 '            "native_vlan": 100,\n'
 '            "tagged_vlans": [\n'
 '                101,\n'
 '                102,\n'
 '                400,\n'
 '                600,\n'
 '                500,\n'
 '                700\n'
 '            ]\n'
 '        },\n'
 '        "2": {\n'
 '            "name": "bar_pc1",\n'
 '            "native_vlan": 201\n'
 '        },\n'
 '        "20": {\n'
 '            "name": "proiett",\n'
 '            "native_vlan": 501\n'
 '        },\n'
 '        "21": {\n'
 '            "name": "desktop",\n'
 '            "native_vlan": 501\n'
 '        },\n'
 '        "22": {\n'
 '            "name": "r_aule",\n'
 '            "native_vlan": 500,\n'
 '            "tagged_vlans": [\n'
 '                501,\n'
 '                502\n'
 '            ]\n'
 '        },\n'
 '        "23": {\n'
 '            "name": "alpha_pc1",\n'
 '            "native_vlan": 502\n'
 '        },\n'
 '        "24": {\n'
 '            "name": "s_alpha",\n'
 '            "native_vlan": 502\n'
 '        },\n'
 '        "25": {\n'
 '            "name": "uff_pc1",\n'
 '            "native_vlan": 601\n'
 '        },\n'
 '        "26": {\n'
 '            "name": "uff_pc2",\n'
 '            "native_vlan": 601\n'
 '        },\n'
 '        "27": {\n'
 '            "name": "uff_pc3",\n'
 '            "native_vlan": 602\n'
 '        },\n'
 '        "28": {\n'
 '            "name": "uff_pc4",\n'
 '            "native_vlan": 602\n'
 '        },\n'
 '        "29": {\n'
 '            "name": "uff_pc5",\n'
 '            "native_vlan": 603\n'
 '        },\n'
 '        "3": {\n'
 '            "name": "amm_pc1",\n'
 '            "native_vlan": 301\n'
 '        },\n'
 '        "30": {\n'
 '            "name": "uff_pc6",\n'
 '            "native_vlan": 603\n'
 '        },\n'
 '        "31": {\n'
 '            "name": "r_ufficio",\n'
 '            "native_vlan": 600,\n'
 '            "tagged_vlans": [\n'
 '                601,\n'
 '                602,\n'
 '                603,\n'
 '                200,\n'
 '                300\n'
 '            ]\n'
 '        },\n'
 '        "32": {\n'
 '            "name": "efc1",\n'
 '            "native_vlan": 701\n'
 '        },\n'
 '        "33": {\n'
 '            "name": "efc2",\n'
 '            "native_vlan": 701\n'
 '        },\n'
 '        "34": {\n'
 '            "name": "mill_mach",\n'
 '            "native_vlan": 702\n'
 '        },\n'
 '        "35": {\n'
 '            "name": "pc_cell2",\n'
 '            "native_vlan": 702\n'
 '        },\n'
 '        "36": {\n'
 '            "name": "printer2",\n'
 '            "native_vlan": 703\n'
 '        },\n'
 '        "37": {\n'
 '            "name": "printer1",\n'
 '            "native_vlan": 703\n'
 '        },\n'
 '        "38": {\n'
 '            "name": "abb",\n'
 '            "native_vlan": 704\n'
 '        },\n'
 '        "39": {\n'
 '            "name": "kuka",\n'
 '            "native_vlan": 704\n'
 '        },\n'
 '        "4": {\n'
 '            "name": "amm_pc2",\n'
 '            "native_vlan": 301\n'
 '        },\n'
 '        "40": {\n'
 '            "name": "plc",\n'
 '            "native_vlan": 704\n'
 '        },\n'
 '        "41": {\n'
 '            "name": "vision1",\n'
 '            "native_vlan": 705\n'
 '        },\n'
 '        "42": {\n'
 '            "name": "vision2",\n'
 '            "native_vlan": 705\n'
 '        },\n'
 '        "43": {\n'
 '            "name": "warehouse1",\n'
 '            "native_vlan": 706\n'
 '        },\n'
 '        "44": {\n'
 '            "name": "warehouse2",\n'
 '            "native_vlan": 706\n'
 '        },\n'
 '        "45": {\n'
 '            "name": "r_lab1",\n'
 '            "native_vlan": 700,\n'
 '            "tagged_vlans": [\n'
 '                701,\n'
 '                702,\n'
 '                703,\n'
 '                709,\n'
 '                707,\n'
 '                708,\n'
 '                706,\n'
 '                705,\n'
 '                704\n'
 '            ]\n'
 '        },\n'
 '        "46": {\n'
 '            "name": "r_lab2",\n'
 '            "native_vlan": 700,\n'
 '            "tagged_vlans": [\n'
 '                701,\n'
 '                702,\n'
 '                703,\n'
 '                709,\n'
 '                707,\n'
 '                708,\n'
 '                706,\n'
 '                705,\n'
 '                704\n'
 '            ]\n'
 '        },\n'
 '        "47": {\n'
 '            "name": "vpn_lab",\n'
 '            "native_vlan": 700,\n'
 '            "tagged_vlans": [\n'
 '                701,\n'
 '                702,\n'
 '                703,\n'
 '                709,\n'
 '                707,\n'
 '                708,\n'
 '                706,\n'
 '                705,\n'
 '                704\n'
 '            ]\n'
 '        },\n'
 '        "48": {\n'
 '            "name": "rsch",\n'
 '            "native_vlan": 707\n'
 '        },\n'
 '        "49": {\n'
 '            "name": "mgmt",\n'
 '            "native_vlan": 708\n'
 '        },\n'
 '        "5": {\n'
 '            "name": "amm_pc3",\n'
 '            "native_vlan": 302\n'
 '        },\n'
 '        "50": {\n'
 '            "name": "conv1",\n'
 '            "native_vlan": 709\n'
 '        },\n'
 '        "51": {\n'
 '            "name": "conv2",\n'
 '            "native_vlan": 709\n'
 '        },\n'
 '        "6": {\n'
 '            "name": "amm_pc4",\n'
 '            "native_vlan": 302\n'
 '        },\n'
 '        "7": {\n'
 '            "name": "amm_pc5",\n'
 '            "native_vlan": 303\n'
 '        },\n'
 '        "8": {\n'
 '            "name": "amm_pc6",\n'
 '            "native_vlan": 303\n'
 '        },\n'
 '        "9": {\n'
 '            "name": "r_amm",\n'
 '            "native_vlan": 300,\n'
 '            "tagged_vlans": [\n'
 '                301,\n'
 '                302,\n'
 '                303,\n'
 '                600\n'
 '            ]\n'
 '        }\n'
 '    },\n'
 '    "lacp_timeout": 30,\n'
 '    "learn_ban_timeout": 51,\n'
 '    "learn_jitter": 51,\n'
 '    "lldp_beacon": {},\n'
 '    "low_priority": 9000,\n'
 '    "lowest_priority": 0,\n'
 '    "max_host_fib_retry_count": 10,\n'
 '    "max_hosts_per_resolve_cycle": 5,\n'
 '    "max_resolve_backoff_time": 64,\n'
 '    "max_wildcard_table_size": 1280,\n'
 '    "metrics_rate_limit_sec": 0,\n'
 '    "min_wildcard_table_size": 32,\n'
 '    "multi_out": true,\n'
 '    "nd_neighbor_timeout": 30,\n'
 '    "port_table_scale_factor": null,\n'
 '    "priority_offset": 0,\n'
 '    "proactive_learn_v4": true,\n'
 '    "proactive_learn_v6": true,\n'
 '    "stack": {\n'
 '        "down_time_multiple": 3,\n'
 '        "min_lacp_health": null,\n'
 '        "min_stack_health": null,\n'
 '        "route_learning": false\n'
 '    },\n'
 '    "strict_packet_in_cookie": true,\n'
 '    "table_sizes": {},\n'
 '    "timeout": 300,\n'
 '    "use_classification": false,\n'
 '    "use_idle_timeout": false\n'
 '}']
